<?xml version="1.0" encoding="UTF-8"?>
<!-- Generated by org.testng.reporters.JUnitXMLReporter -->
<testsuite hostname="TYSS-MF-034" ignored="0" name="Demo_Test_2" tests="1" failures="1" timestamp="06 Mar 2018 07:17:30 GMT" time="55.687" errors="0">
  <testcase name="createDiagnoseVerifyMaxLifeCase" time="30.637" classname="in.docsapp.tests.MaxLifeCaseTest">
    <failure type="java.lang.AssertionError" message="Element is not displayed expected [false] but found [true]">
      <![CDATA[java.lang.AssertionError: Element is not displayed expected [false] but found [true]
	at in.docsapp.generics.Assertion.elementNotDisplayed(Assertion.java:33)
	at in.docsapp.workflow.ServiceLib.createCaseOps(ServiceLib.java:396)
	at in.docsapp.workflow.ServiceLib.addCaseFlow(ServiceLib.java:514)
	at in.docsapp.tests.MaxLifeCaseTest.createDiagnoseVerifyMaxLifeCase(MaxLifeCaseTest.java:45)
	at java.util.concurrent.FutureTask.run(FutureTask.java:266)
	at java.util.concurrent.ThreadPoolExecutor.runWorker(ThreadPoolExecutor.java:1142)
	at java.util.concurrent.ThreadPoolExecutor$Worker.run(ThreadPoolExecutor.java:617)
	at java.lang.Thread.run(Thread.java:745)
... Removed 19 stack frames]]>
    </failure>
  </testcase> <!-- createDiagnoseVerifyMaxLifeCase -->
</testsuite> <!-- Demo_Test_2 -->
