<?xml version="1.0" encoding="UTF-8"?>
<testng-results skipped="0" failed="1" ignored="0" total="1" passed="0">
  <reporter-output>
  </reporter-output>
  <suite name="Demo_Suite" duration-ms="56199" started-at="2018-03-06T13:25:30Z" finished-at="2018-03-06T13:26:26Z">
    <groups>
    </groups>
    <test name="Demo_Test" duration-ms="56199" started-at="2018-03-06T13:25:30Z" finished-at="2018-03-06T13:26:26Z">
      <class name="in.docsapp.tests.MaxLifeCaseTest">
        <test-method status="PASS" signature="CreateExtentReport()[pri:0, instance:in.docsapp.tests.MaxLifeCaseTest@239963d8]" name="CreateExtentReport" is-config="true" duration-ms="16" started-at="2018-03-06T18:55:30Z" finished-at="2018-03-06T18:55:30Z">
          <reporter-output>
          </reporter-output>
        </test-method> <!-- CreateExtentReport -->
        <test-method status="PASS" signature="launchApplication()[pri:0, instance:in.docsapp.tests.MaxLifeCaseTest@239963d8]" name="launchApplication" is-config="true" duration-ms="22256" started-at="2018-03-06T18:55:30Z" finished-at="2018-03-06T18:55:52Z">
          <reporter-output>
          </reporter-output>
        </test-method> <!-- launchApplication -->
        <test-method status="PASS" signature="getTestDetails(java.lang.reflect.Method)[pri:0, instance:in.docsapp.tests.MaxLifeCaseTest@239963d8]" name="getTestDetails" is-config="true" duration-ms="4" started-at="2018-03-06T18:55:52Z" finished-at="2018-03-06T18:55:52Z">
          <params>
            <param index="0">
              <value>
                <![CDATA[public void in.docsapp.tests.MaxLifeCaseTest.createDiagnoseVerifyMaxLifeCase()]]>
              </value>
            </param>
          </params>
          <reporter-output>
          </reporter-output>
        </test-method> <!-- getTestDetails -->
        <test-method status="FAIL" signature="createDiagnoseVerifyMaxLifeCase()[pri:0, instance:in.docsapp.tests.MaxLifeCaseTest@239963d8]" name="createDiagnoseVerifyMaxLifeCase" duration-ms="33429" started-at="2018-03-06T18:55:52Z" finished-at="2018-03-06T18:56:26Z">
          <exception class="org.openqa.selenium.NoSuchElementException">
            <message>
              <![CDATA[no such element: Unable to locate element: {"method":"xpath","selector":"//input[@value='+ Add']"}
  (Session info: chrome=64.0.3282.186)
  (Driver info: chromedriver=2.36.540470 (e522d04694c7ebea4ba8821272dbef4f9b818c91),platform=Windows NT 10.0.10586 x86_64) (WARNING: The server did not provide any stacktrace information)
Command duration or timeout: 0 milliseconds
For documentation on this error, please visit: http://seleniumhq.org/exceptions/no_such_element.html
Build info: version: '3.7.1', revision: '8a0099a', time: '2017-11-06T21:01:39.354Z'
System info: host: 'TYSS-MF-034', ip: '10.10.14.100', os.name: 'Windows 10', os.arch: 'amd64', os.version: '10.0', java.version: '1.8.0_73'
Driver info: org.openqa.selenium.chrome.ChromeDriver
Capabilities {acceptInsecureCerts: false, acceptSslCerts: false, applicationCacheEnabled: false, browserConnectionEnabled: false, browserName: chrome, chrome: {chromedriverVersion: 2.36.540470 (e522d04694c7eb..., userDataDir: C:\Users\AUTOMA~1\AppData\L...}, cssSelectorsEnabled: true, databaseEnabled: false, handlesAlerts: true, hasTouchScreen: false, javascriptEnabled: true, locationContextEnabled: true, mobileEmulationEnabled: false, nativeEvents: true, networkConnectionEnabled: false, pageLoadStrategy: normal, platform: XP, platformName: XP, rotatable: false, setWindowRect: true, takesHeapSnapshot: true, takesScreenshot: true, unexpectedAlertBehaviour: , unhandledPromptBehavior: , version: 64.0.3282.186, webStorageEnabled: true}
Session ID: 2559bf3c0d00e9fea3c82e0c498e30dd
*** Element info: {Using=xpath, value=//input[@value='+ Add']}]]>
            </message>
            <full-stacktrace>
              <![CDATA[org.openqa.selenium.NoSuchElementException: no such element: Unable to locate element: {"method":"xpath","selector":"//input[@value='+ Add']"}
  (Session info: chrome=64.0.3282.186)
  (Driver info: chromedriver=2.36.540470 (e522d04694c7ebea4ba8821272dbef4f9b818c91),platform=Windows NT 10.0.10586 x86_64) (WARNING: The server did not provide any stacktrace information)
Command duration or timeout: 0 milliseconds
For documentation on this error, please visit: http://seleniumhq.org/exceptions/no_such_element.html
Build info: version: '3.7.1', revision: '8a0099a', time: '2017-11-06T21:01:39.354Z'
System info: host: 'TYSS-MF-034', ip: '10.10.14.100', os.name: 'Windows 10', os.arch: 'amd64', os.version: '10.0', java.version: '1.8.0_73'
Driver info: org.openqa.selenium.chrome.ChromeDriver
Capabilities {acceptInsecureCerts: false, acceptSslCerts: false, applicationCacheEnabled: false, browserConnectionEnabled: false, browserName: chrome, chrome: {chromedriverVersion: 2.36.540470 (e522d04694c7eb..., userDataDir: C:\Users\AUTOMA~1\AppData\L...}, cssSelectorsEnabled: true, databaseEnabled: false, handlesAlerts: true, hasTouchScreen: false, javascriptEnabled: true, locationContextEnabled: true, mobileEmulationEnabled: false, nativeEvents: true, networkConnectionEnabled: false, pageLoadStrategy: normal, platform: XP, platformName: XP, rotatable: false, setWindowRect: true, takesHeapSnapshot: true, takesScreenshot: true, unexpectedAlertBehaviour: , unhandledPromptBehavior: , version: 64.0.3282.186, webStorageEnabled: true}
Session ID: 2559bf3c0d00e9fea3c82e0c498e30dd
*** Element info: {Using=xpath, value=//input[@value='+ Add']}
	at sun.reflect.GeneratedConstructorAccessor33.newInstance(Unknown Source)
	at sun.reflect.DelegatingConstructorAccessorImpl.newInstance(DelegatingConstructorAccessorImpl.java:45)
	at java.lang.reflect.Constructor.newInstance(Constructor.java:422)
	at org.openqa.selenium.remote.ErrorHandler.createThrowable(ErrorHandler.java:214)
	at org.openqa.selenium.remote.ErrorHandler.throwIfResponseFailed(ErrorHandler.java:166)
	at org.openqa.selenium.remote.http.JsonHttpResponseCodec.reconstructValue(JsonHttpResponseCodec.java:40)
	at org.openqa.selenium.remote.http.AbstractHttpResponseCodec.decode(AbstractHttpResponseCodec.java:80)
	at org.openqa.selenium.remote.http.AbstractHttpResponseCodec.decode(AbstractHttpResponseCodec.java:44)
	at org.openqa.selenium.remote.HttpCommandExecutor.execute(HttpCommandExecutor.java:164)
	at org.openqa.selenium.remote.service.DriverCommandExecutor.execute(DriverCommandExecutor.java:83)
	at org.openqa.selenium.remote.RemoteWebDriver.execute(RemoteWebDriver.java:600)
	at org.openqa.selenium.remote.RemoteWebDriver.findElement(RemoteWebDriver.java:370)
	at org.openqa.selenium.remote.RemoteWebDriver.findElementByXPath(RemoteWebDriver.java:472)
	at org.openqa.selenium.By$ByXPath.findElement(By.java:361)
	at org.openqa.selenium.remote.RemoteWebDriver.findElement(RemoteWebDriver.java:362)
	at sun.reflect.GeneratedMethodAccessor4.invoke(Unknown Source)
	at sun.reflect.DelegatingMethodAccessorImpl.invoke(DelegatingMethodAccessorImpl.java:43)
	at java.lang.reflect.Method.invoke(Method.java:497)
	at org.openqa.selenium.support.events.EventFiringWebDriver$2.invoke(EventFiringWebDriver.java:109)
	at com.sun.proxy.$Proxy12.findElement(Unknown Source)
	at org.openqa.selenium.support.events.EventFiringWebDriver.findElement(EventFiringWebDriver.java:193)
	at org.openqa.selenium.support.pagefactory.DefaultElementLocator.findElement(DefaultElementLocator.java:69)
	at org.openqa.selenium.support.pagefactory.internal.LocatingElementHandler.invoke(LocatingElementHandler.java:38)
	at com.sun.proxy.$Proxy16.click(Unknown Source)
	at in.docsapp.generics.GenericMethods.click(GenericMethods.java:161)
	at in.docsapp.workflow.ServiceLib.addCaseFlow(ServiceLib.java:513)
	at in.docsapp.tests.MaxLifeCaseTest.createDiagnoseVerifyMaxLifeCase(MaxLifeCaseTest.java:45)
	at sun.reflect.NativeMethodAccessorImpl.invoke0(Native Method)
	at sun.reflect.NativeMethodAccessorImpl.invoke(NativeMethodAccessorImpl.java:62)
	at sun.reflect.DelegatingMethodAccessorImpl.invoke(DelegatingMethodAccessorImpl.java:43)
	at java.lang.reflect.Method.invoke(Method.java:497)
	at org.testng.internal.MethodInvocationHelper.invokeMethod(MethodInvocationHelper.java:108)
	at org.testng.internal.Invoker.invokeMethod(Invoker.java:661)
	at org.testng.internal.Invoker.invokeTestMethod(Invoker.java:869)
	at org.testng.internal.Invoker.invokeTestMethods(Invoker.java:1193)
	at org.testng.internal.TestMethodWorker.invokeTestMethods(TestMethodWorker.java:126)
	at org.testng.internal.TestMethodWorker.run(TestMethodWorker.java:109)
	at org.testng.TestRunner.privateRun(TestRunner.java:744)
	at org.testng.TestRunner.run(TestRunner.java:602)
	at org.testng.SuiteRunner.runTest(SuiteRunner.java:380)
	at org.testng.SuiteRunner.access$000(SuiteRunner.java:39)
	at org.testng.SuiteRunner$SuiteWorker.run(SuiteRunner.java:414)
	at org.testng.internal.thread.ThreadUtil$1.call(ThreadUtil.java:52)
	at java.util.concurrent.FutureTask.run(FutureTask.java:266)
	at java.util.concurrent.ThreadPoolExecutor.runWorker(ThreadPoolExecutor.java:1142)
	at java.util.concurrent.ThreadPoolExecutor$Worker.run(ThreadPoolExecutor.java:617)
	at java.lang.Thread.run(Thread.java:745)
]]>
            </full-stacktrace>
          </exception> <!-- org.openqa.selenium.NoSuchElementException -->
          <reporter-output>
          </reporter-output>
        </test-method> <!-- createDiagnoseVerifyMaxLifeCase -->
        <test-method status="PASS" signature="endtest(org.testng.ITestResult)[pri:0, instance:in.docsapp.tests.MaxLifeCaseTest@239963d8]" name="endtest" is-config="true" duration-ms="0" started-at="2018-03-06T18:56:26Z" finished-at="2018-03-06T18:56:26Z">
          <params>
            <param index="0">
              <value>
                <![CDATA[[TestResult name=createDiagnoseVerifyMaxLifeCase status=FAILURE method=MaxLifeCaseTest.createDiagnoseVerifyMaxLifeCase()[pri:0, instance:in.docsapp.tests.MaxLifeCaseTest@239963d8] output={null}]]]>
              </value>
            </param>
          </params>
          <reporter-output>
          </reporter-output>
        </test-method> <!-- endtest -->
        <test-method status="PASS" signature="exitApplication()[pri:0, instance:in.docsapp.tests.MaxLifeCaseTest@239963d8]" name="exitApplication" is-config="true" duration-ms="491" started-at="2018-03-06T18:56:26Z" finished-at="2018-03-06T18:56:26Z">
          <reporter-output>
          </reporter-output>
        </test-method> <!-- exitApplication -->
        <test-method status="PASS" signature="closeExtentReport()[pri:0, instance:in.docsapp.tests.MaxLifeCaseTest@239963d8]" name="closeExtentReport" is-config="true" duration-ms="47" started-at="2018-03-06T18:56:26Z" finished-at="2018-03-06T18:56:26Z">
          <reporter-output>
          </reporter-output>
        </test-method> <!-- closeExtentReport -->
      </class> <!-- in.docsapp.tests.MaxLifeCaseTest -->
    </test> <!-- Demo_Test -->
  </suite> <!-- Demo_Suite -->
</testng-results>
